c:\users\isabelle\documents\github\multimedia_tp_1\chapitre 6 tp2\petitmoteur3d\debug\petitmoteur3d.pch
c:\users\isabelle\documents\github\multimedia_tp_1\chapitre 6 tp2\petitmoteur3d\debug\vc120.pdb
c:\users\isabelle\documents\github\multimedia_tp_1\chapitre 6 tp2\petitmoteur3d\debug\vc120.idb
c:\users\isabelle\documents\github\multimedia_tp_1\chapitre 6 tp2\petitmoteur3d\debug\stdafx.obj
c:\users\isabelle\documents\github\multimedia_tp_1\chapitre 6 tp2\petitmoteur3d\debug\bloc.obj
c:\users\isabelle\documents\github\multimedia_tp_1\chapitre 6 tp2\petitmoteur3d\debug\bloceffet1.obj
c:\users\isabelle\documents\github\multimedia_tp_1\chapitre 6 tp2\petitmoteur3d\debug\camera.obj
c:\users\isabelle\documents\github\multimedia_tp_1\chapitre 6 tp2\petitmoteur3d\debug\dimanipulateur.obj
c:\users\isabelle\documents\github\multimedia_tp_1\chapitre 6 tp2\petitmoteur3d\debug\dispositifd3d11.obj
c:\users\isabelle\documents\github\multimedia_tp_1\chapitre 6 tp2\petitmoteur3d\debug\infodispositif.obj
c:\users\isabelle\documents\github\multimedia_tp_1\chapitre 6 tp2\petitmoteur3d\debug\moteur.obj
c:\users\isabelle\documents\github\multimedia_tp_1\chapitre 6 tp2\petitmoteur3d\debug\moteurwindows.obj
c:\users\isabelle\documents\github\multimedia_tp_1\chapitre 6 tp2\petitmoteur3d\debug\petitmoteur3d.obj
c:\users\isabelle\documents\github\multimedia_tp_1\chapitre 6 tp2\petitmoteur3d\debug\sommet.obj
c:\users\isabelle\documents\github\multimedia_tp_1\chapitre 6 tp2\petitmoteur3d\debug\sommetbloc.obj
c:\users\isabelle\documents\github\multimedia_tp_1\chapitre 6 tp2\petitmoteur3d\debug\terrain.obj
c:\users\isabelle\documents\github\multimedia_tp_1\chapitre 6 tp2\petitmoteur3d\debug\petitmoteur3d.res
c:\users\isabelle\documents\github\multimedia_tp_1\chapitre 6 tp2\debug\petitmoteur3d.pdb
c:\users\isabelle\documents\github\multimedia_tp_1\chapitre 6 tp2\petitmoteur3d\debug\petitmoteur3d.tlog\cl.command.1.tlog
c:\users\isabelle\documents\github\multimedia_tp_1\chapitre 6 tp2\petitmoteur3d\debug\petitmoteur3d.tlog\cl.read.1.tlog
c:\users\isabelle\documents\github\multimedia_tp_1\chapitre 6 tp2\petitmoteur3d\debug\petitmoteur3d.tlog\cl.write.1.tlog
c:\users\isabelle\documents\github\multimedia_tp_1\chapitre 6 tp2\petitmoteur3d\debug\petitmoteur3d.tlog\link.command.1.tlog
c:\users\isabelle\documents\github\multimedia_tp_1\chapitre 6 tp2\petitmoteur3d\debug\petitmoteur3d.tlog\link.read.1.tlog
c:\users\isabelle\documents\github\multimedia_tp_1\chapitre 6 tp2\petitmoteur3d\debug\petitmoteur3d.tlog\link.write.1.tlog
c:\users\isabelle\documents\github\multimedia_tp_1\chapitre 6 tp2\petitmoteur3d\debug\petitmoteur3d.tlog\rc.command.1.tlog
c:\users\isabelle\documents\github\multimedia_tp_1\chapitre 6 tp2\petitmoteur3d\debug\petitmoteur3d.tlog\rc.read.1.tlog
c:\users\isabelle\documents\github\multimedia_tp_1\chapitre 6 tp2\petitmoteur3d\debug\petitmoteur3d.tlog\rc.write.1.tlog
